<?xml version="1.0" encoding="UTF-8"?>
<testng-results ignored="0" total="1" passed="1" failed="0" skipped="0">
  <reporter-output>
  </reporter-output>
  <suite started-at="2024-06-23T11:42:57 IST" name="Suite" finished-at="2024-06-23T11:43:02 IST" duration-ms="4694">
    <groups>
    </groups>
    <test started-at="2024-06-23T11:42:57 IST" name="Test" finished-at="2024-06-23T11:43:02 IST" duration-ms="4694">
      <class name="com.automatemavenjenkins.Automatemavenjenkins.FirstLaunchDemo">
        <test-method signature="launch()[pri:0, instance:com.automatemavenjenkins.Automatemavenjenkins.FirstLaunchDemo@5082d622]" started-at="2024-06-23T11:42:57 IST" name="launch" finished-at="2024-06-23T11:43:02 IST" duration-ms="4664" status="PASS">
          <reporter-output>
          </reporter-output>
        </test-method> <!-- launch -->
      </class> <!-- com.automatemavenjenkins.Automatemavenjenkins.FirstLaunchDemo -->
    </test> <!-- Test -->
  </suite> <!-- Suite -->
</testng-results>
